Compiled application.js  (4ms)  (pid 10486)
Compiled jquery.js  (2ms)  (pid 10486)
Compiled jquery_ujs.js  (0ms)  (pid 10486)
Compiled twitter/bootstrap.js  (10ms)  (pid 10486)
Compiled twitter/bootstrap/bootstrap-transition.js  (0ms)  (pid 10486)
Compiled twitter/bootstrap/bootstrap-alert.js  (0ms)  (pid 10486)
Compiled twitter/bootstrap/bootstrap-modal.js  (0ms)  (pid 10486)
Compiled twitter/bootstrap/bootstrap-dropdown.js  (0ms)  (pid 10486)
Compiled twitter/bootstrap/bootstrap-scrollspy.js  (0ms)  (pid 10486)
Compiled twitter/bootstrap/bootstrap-tab.js  (0ms)  (pid 10486)
Compiled twitter/bootstrap/bootstrap-tooltip.js  (0ms)  (pid 10486)
Compiled twitter/bootstrap/bootstrap-popover.js  (0ms)  (pid 10486)
Compiled twitter/bootstrap/bootstrap-button.js  (0ms)  (pid 10486)
Compiled twitter/bootstrap/bootstrap-collapse.js  (0ms)  (pid 10486)
Compiled twitter/bootstrap/bootstrap-carousel.js  (0ms)  (pid 10486)
Compiled twitter/bootstrap/bootstrap-typeahead.js  (0ms)  (pid 10486)
Compiled twitter/bootstrap/bootstrap-affix.js  (0ms)  (pid 10486)
Compiled bootstrap.js  (50ms)  (pid 10486)
Compiled static_pages.js  (0ms)  (pid 10486)
Compiled application.css  (0ms)  (pid 10486)
Compiled bootstrap_and_overrides.css  (493ms)  (pid 10486)
Compiled static_pages.css  (25ms)  (pid 10486)
Compiled application.js  (4ms)  (pid 10476)
Compiled jquery.js  (2ms)  (pid 10476)
Compiled jquery_ujs.js  (0ms)  (pid 10476)
Compiled twitter/bootstrap.js  (10ms)  (pid 10476)
Compiled twitter/bootstrap/bootstrap-transition.js  (0ms)  (pid 10476)
Compiled twitter/bootstrap/bootstrap-alert.js  (0ms)  (pid 10476)
Compiled twitter/bootstrap/bootstrap-modal.js  (0ms)  (pid 10476)
Compiled twitter/bootstrap/bootstrap-dropdown.js  (0ms)  (pid 10476)
Compiled twitter/bootstrap/bootstrap-scrollspy.js  (0ms)  (pid 10476)
Compiled twitter/bootstrap/bootstrap-tab.js  (0ms)  (pid 10476)
Compiled twitter/bootstrap/bootstrap-tooltip.js  (0ms)  (pid 10476)
Compiled twitter/bootstrap/bootstrap-popover.js  (0ms)  (pid 10476)
Compiled twitter/bootstrap/bootstrap-button.js  (0ms)  (pid 10476)
Compiled twitter/bootstrap/bootstrap-collapse.js  (0ms)  (pid 10476)
Compiled twitter/bootstrap/bootstrap-carousel.js  (0ms)  (pid 10476)
Compiled twitter/bootstrap/bootstrap-typeahead.js  (0ms)  (pid 10476)
Compiled twitter/bootstrap/bootstrap-affix.js  (0ms)  (pid 10476)
Compiled bootstrap.js  (51ms)  (pid 10476)
Compiled static_pages.js  (0ms)  (pid 10476)
Compiled application.css  (0ms)  (pid 10476)
Compiled bootstrap_and_overrides.css  (501ms)  (pid 10476)
Compiled static_pages.css  (6ms)  (pid 10476)
Compiled application.js  (4ms)  (pid 27494)
Compiled jquery.js  (2ms)  (pid 27494)
Compiled jquery_ujs.js  (0ms)  (pid 27494)
Compiled twitter/bootstrap.js  (10ms)  (pid 27494)
Compiled twitter/bootstrap/bootstrap-transition.js  (0ms)  (pid 27494)
Compiled twitter/bootstrap/bootstrap-alert.js  (0ms)  (pid 27494)
Compiled twitter/bootstrap/bootstrap-modal.js  (0ms)  (pid 27494)
Compiled twitter/bootstrap/bootstrap-dropdown.js  (0ms)  (pid 27494)
Compiled twitter/bootstrap/bootstrap-scrollspy.js  (0ms)  (pid 27494)
Compiled twitter/bootstrap/bootstrap-tab.js  (0ms)  (pid 27494)
Compiled twitter/bootstrap/bootstrap-tooltip.js  (0ms)  (pid 27494)
Compiled twitter/bootstrap/bootstrap-popover.js  (0ms)  (pid 27494)
Compiled twitter/bootstrap/bootstrap-button.js  (0ms)  (pid 27494)
Compiled twitter/bootstrap/bootstrap-collapse.js  (0ms)  (pid 27494)
Compiled twitter/bootstrap/bootstrap-carousel.js  (0ms)  (pid 27494)
Compiled twitter/bootstrap/bootstrap-typeahead.js  (0ms)  (pid 27494)
Compiled twitter/bootstrap/bootstrap-affix.js  (0ms)  (pid 27494)
Compiled bootstrap.js  (50ms)  (pid 27494)
Compiled static_pages.js  (0ms)  (pid 27494)
Compiled application.css  (0ms)  (pid 27494)
Compiled bootstrap_and_overrides.css  (493ms)  (pid 27494)
Compiled static_pages.css  (3ms)  (pid 27494)
Compiled application.js  (4ms)  (pid 27484)
Compiled jquery.js  (2ms)  (pid 27484)
Compiled jquery_ujs.js  (0ms)  (pid 27484)
Compiled twitter/bootstrap.js  (10ms)  (pid 27484)
Compiled twitter/bootstrap/bootstrap-transition.js  (0ms)  (pid 27484)
Compiled twitter/bootstrap/bootstrap-alert.js  (0ms)  (pid 27484)
Compiled twitter/bootstrap/bootstrap-modal.js  (0ms)  (pid 27484)
Compiled twitter/bootstrap/bootstrap-dropdown.js  (0ms)  (pid 27484)
Compiled twitter/bootstrap/bootstrap-scrollspy.js  (0ms)  (pid 27484)
Compiled twitter/bootstrap/bootstrap-tab.js  (0ms)  (pid 27484)
Compiled twitter/bootstrap/bootstrap-tooltip.js  (0ms)  (pid 27484)
Compiled twitter/bootstrap/bootstrap-popover.js  (0ms)  (pid 27484)
Compiled twitter/bootstrap/bootstrap-button.js  (0ms)  (pid 27484)
Compiled twitter/bootstrap/bootstrap-collapse.js  (0ms)  (pid 27484)
Compiled twitter/bootstrap/bootstrap-carousel.js  (0ms)  (pid 27484)
Compiled twitter/bootstrap/bootstrap-typeahead.js  (0ms)  (pid 27484)
Compiled twitter/bootstrap/bootstrap-affix.js  (0ms)  (pid 27484)
Compiled bootstrap.js  (57ms)  (pid 27484)
Compiled static_pages.js  (0ms)  (pid 27484)
Compiled application.css  (0ms)  (pid 27484)
Compiled bootstrap_and_overrides.css  (514ms)  (pid 27484)
Compiled static_pages.css  (7ms)  (pid 27484)
